<?xml version="1.0" encoding="UTF-8"?>
<!-- Generated by org.testng.reporters.JUnitXMLReporter -->
<testsuite ignored="0" hostname="DESKTOP-QMSQO3B" failures="0" tests="3" name="Default test" time="11.625" errors="0" timestamp="2021-08-14T20:06:15 IST">
  <testcase classname="com.nxtgenai.testcases.RegisterUser" name="launchApplication" time="7.796"/>
  <testcase classname="com.nxtgenai.testcases.RegisterUser" name="registerUser" time="3.472"/>
  <testcase classname="com.nxtgenai.testcases.RegisterUser" name="closeApplication" time="0.255"/>
</testsuite> <!-- Default test -->
