<?xml version="1.0" encoding="UTF-8"?>
<testng-results ignored="0" total="3" passed="3" failed="0" skipped="0">
  <reporter-output>
    <line>
      <![CDATA[Application is launched]]>
    </line>
  </reporter-output>
  <suite started-at="2021-08-14T20:06:03 IST" name="Default suite" finished-at="2021-08-14T20:06:15 IST" duration-ms="11625">
    <groups>
    </groups>
    <test started-at="2021-08-14T20:06:03 IST" name="Default test" finished-at="2021-08-14T20:06:15 IST" duration-ms="11625">
      <class name="com.nxtgenai.testcases.RegisterUser">
        <test-method signature="launchApplication()[pri:1, instance:com.nxtgenai.testcases.RegisterUser@71b1176b]" started-at="2021-08-14T20:06:03 IST" name="launchApplication" finished-at="2021-08-14T20:06:11 IST" duration-ms="7796" status="PASS">
          <reporter-output>
            <line>
              <![CDATA[Application is launched]]>
            </line>
          </reporter-output>
        </test-method> <!-- launchApplication -->
        <test-method signature="registerUser()[pri:2, instance:com.nxtgenai.testcases.RegisterUser@71b1176b]" started-at="2021-08-14T20:06:11 IST" name="registerUser" finished-at="2021-08-14T20:06:15 IST" duration-ms="3472" status="PASS">
          <reporter-output>
          </reporter-output>
        </test-method> <!-- registerUser -->
        <test-method signature="closeApplication()[pri:3, instance:com.nxtgenai.testcases.RegisterUser@71b1176b]" started-at="2021-08-14T20:06:15 IST" name="closeApplication" finished-at="2021-08-14T20:06:15 IST" duration-ms="255" status="PASS">
          <reporter-output>
          </reporter-output>
        </test-method> <!-- closeApplication -->
      </class> <!-- com.nxtgenai.testcases.RegisterUser -->
    </test> <!-- Default test -->
  </suite> <!-- Default suite -->
</testng-results>
